\BOOKMARK [1][-]{section.1}{\376\377\000W\000p\000r\000o\000w\000a\000d\000z\000e\000n\000i\000e}{}% 1
\BOOKMARK [1][-]{section.2}{\376\377\000F\000u\000n\000k\000c\000j\000e\000\040\000r\000e\000a\000l\000i\000z\000o\000w\000a\000n\000e\000\040\000p\000r\000z\000e\000z\000\040\000s\000y\000s\000t\000e\000m}{}% 2
\BOOKMARK [2][-]{subsection.2.1}{\376\377\000F\000u\000n\000k\000c\000j\000e\000\040\000u\001\174\000y\000t\000k\000o\000w\000n\000i\000k\000\363\000w}{section.2}% 3
\BOOKMARK [3][-]{subsubsection.2.1.1}{\376\377\000A\000d\000m\000i\000n\000i\000s\000t\000r\000a\000t\000o\000r}{subsection.2.1}% 4
\BOOKMARK [3][-]{subsubsection.2.1.2}{\376\377\000D\000y\000r\000e\000k\000t\000o\000r}{subsection.2.1}% 5
\BOOKMARK [3][-]{subsubsection.2.1.3}{\376\377\000M\000e\000n\000a\000d\001\174\000e\000r}{subsection.2.1}% 6
\BOOKMARK [3][-]{subsubsection.2.1.4}{\376\377\000N\000a\000u\000c\000z\000y\000c\000i\000e\000l}{subsection.2.1}% 7
\BOOKMARK [3][-]{subsubsection.2.1.5}{\376\377\000K\000l\000i\000e\000n\000t}{subsection.2.1}% 8
\BOOKMARK [3][-]{subsubsection.2.1.6}{\376\377\000N\000i\000e\000z\000a\000r\000e\000j\000e\000s\000t\000r\000o\000w\000a\000n\000y\000\040\000u\001\174\000y\000t\000k\000o\000w\000n\000i\000k}{subsection.2.1}% 9
\BOOKMARK [1][-]{section.3}{\376\377\000D\000i\000a\000g\000r\000a\000m}{}% 10
\BOOKMARK [1][-]{section.4}{\376\377\000T\000a\000b\000e\000l\000e}{}% 11
\BOOKMARK [2][-]{subsection.4.1}{\376\377\000T\000a\000b\000e\000l\000a\000\040\000e\000m\000p\000l\000o\000y\000e\000e\000s}{section.4}% 12
\BOOKMARK [2][-]{subsection.4.2}{\376\377\000T\000a\000b\000e\000l\000a\000\040\000a\000t\000t\000e\000n\000d\000a\000n\000c\000e}{section.4}% 13
\BOOKMARK [2][-]{subsection.4.3}{\376\377\000T\000a\000b\000e\000l\000a\000\040\000e\000v\000e\000n\000t\000\137\000l\000e\000c\000t\000u\000r\000e\000r\000s}{section.4}% 14
\BOOKMARK [2][-]{subsection.4.4}{\376\377\000T\000a\000b\000e\000l\000a\000\040\000e\000v\000e\000n\000t\000\137\000s\000t\000u\000d\000e\000n\000t\000s}{section.4}% 15
\BOOKMARK [2][-]{subsection.4.5}{\376\377\000T\000a\000b\000e\000l\000a\000\040\000e\000v\000e\000n\000t\000s}{section.4}% 16
\BOOKMARK [2][-]{subsection.4.6}{\376\377\000T\000a\000b\000e\000l\000a\000\040\000e\000x\000a\000m\000s}{section.4}% 17
\BOOKMARK [2][-]{subsection.4.7}{\376\377\000T\000a\000b\000e\000l\000a\000\040\000l\000a\000n\000g\000u\000a\000g\000e\000s}{section.4}% 18
\BOOKMARK [2][-]{subsection.4.8}{\376\377\000T\000a\000b\000e\000l\000a\000\040\000l\000e\000c\000t\000u\000r\000e\000r\000s}{section.4}% 19
\BOOKMARK [2][-]{subsection.4.9}{\376\377\000T\000a\000b\000e\000l\000a\000\040\000m\000o\000d\000u\000l\000e\000s}{section.4}% 20
\BOOKMARK [2][-]{subsection.4.10}{\376\377\000T\000a\000b\000e\000l\000a\000\040\000o\000r\000d\000e\000r\000\137\000e\000v\000e\000n\000t\000\137\000d\000e\000t\000a\000i\000l\000s}{section.4}% 21
\BOOKMARK [2][-]{subsection.4.11}{\376\377\000T\000a\000b\000e\000l\000a\000\040\000o\000r\000d\000e\000r\000\137\000m\000o\000d\000u\000l\000e\000\137\000d\000e\000t\000a\000i\000l\000s}{section.4}% 22
\BOOKMARK [2][-]{subsection.4.12}{\376\377\000T\000a\000b\000e\000l\000a\000\040\000o\000r\000d\000e\000r\000s}{section.4}% 23
\BOOKMARK [2][-]{subsection.4.13}{\376\377\000T\000a\000b\000e\000l\000a\000\040\000p\000a\000s\000s\000i\000n\000g\000\137\000e\000x\000a\000m\000s}{section.4}% 24
\BOOKMARK [2][-]{subsection.4.14}{\376\377\000T\000a\000b\000e\000l\000a\000\040\000p\000a\000s\000s\000i\000n\000g\000\137\000p\000r\000a\000c\000t\000i\000c\000e\000s}{section.4}% 25
\BOOKMARK [2][-]{subsection.4.15}{\376\377\000T\000a\000b\000e\000l\000a\000\040\000p\000a\000y\000m\000e\000n\000t\000\137\000s\000t\000a\000t\000u\000s\000e\000s}{section.4}% 26
\BOOKMARK [2][-]{subsection.4.16}{\376\377\000T\000a\000b\000e\000l\000a\000\040\000p\000r\000a\000c\000t\000i\000c\000e\000s}{section.4}% 27
\BOOKMARK [2][-]{subsection.4.17}{\376\377\000T\000a\000b\000e\000l\000a\000\040\000r\000o\000o\000m\000s}{section.4}% 28
\BOOKMARK [2][-]{subsection.4.18}{\376\377\000T\000a\000b\000e\000l\000a\000\040\000s\000i\000n\000g\000l\000e\000\137\000m\000o\000d\000u\000l\000e\000\137\000s\000t\000u\000d\000e\000n\000t\000s}{section.4}% 29
\BOOKMARK [2][-]{subsection.4.19}{\376\377\000T\000a\000b\000e\000l\000a\000\040\000s\000t\000u\000d\000e\000n\000t\000s}{section.4}% 30
\BOOKMARK [2][-]{subsection.4.20}{\376\377\000T\000a\000b\000e\000l\000a\000\040\000t\000r\000a\000n\000s\000l\000a\000t\000o\000r\000\137\000l\000a\000n\000g\000u\000a\000g\000e\000s}{section.4}% 31
\BOOKMARK [2][-]{subsection.4.21}{\376\377\000T\000a\000b\000e\000l\000a\000\040\000t\000r\000a\000n\000s\000l\000a\000t\000o\000r\000s}{section.4}% 32
\BOOKMARK [2][-]{subsection.4.22}{\376\377\000T\000a\000b\000e\000l\000a\000\040\000t\000y\000p\000e\000s}{section.4}% 33
