\BOOKMARK [1][-]{section.1}{\376\377\000W\000p\000r\000o\000w\000a\000d\000z\000e\000n\000i\000e}{}% 1
\BOOKMARK [1][-]{section.2}{\376\377\000F\000u\000n\000k\000c\000j\000e\000\040\000r\000e\000a\000l\000i\000z\000o\000w\000a\000n\000e\000\040\000p\000r\000z\000e\000z\000\040\000s\000y\000s\000t\000e\000m}{}% 2
\BOOKMARK [2][-]{subsection.2.1}{\376\377\000F\000u\000n\000k\000c\000j\000e\000\040\000u\001\174\000y\000t\000k\000o\000w\000n\000i\000k\000\363\000w}{section.2}% 3
\BOOKMARK [3][-]{subsubsection.2.1.1}{\376\377\000A\000d\000m\000i\000n\000i\000s\000t\000r\000a\000t\000o\000r}{subsection.2.1}% 4
\BOOKMARK [3][-]{subsubsection.2.1.2}{\376\377\000D\000y\000r\000e\000k\000t\000o\000r}{subsection.2.1}% 5
\BOOKMARK [3][-]{subsubsection.2.1.3}{\376\377\000M\000e\000n\000a\000d\001\174\000e\000r}{subsection.2.1}% 6
\BOOKMARK [3][-]{subsubsection.2.1.4}{\376\377\000N\000a\000u\000c\000z\000y\000c\000i\000e\000l}{subsection.2.1}% 7
\BOOKMARK [3][-]{subsubsection.2.1.5}{\376\377\000K\000l\000i\000e\000n\000t}{subsection.2.1}% 8
\BOOKMARK [3][-]{subsubsection.2.1.6}{\376\377\000N\000i\000e\000z\000a\000r\000e\000j\000e\000s\000t\000r\000o\000w\000a\000n\000y\000\040\000u\001\174\000y\000t\000k\000o\000w\000n\000i\000k}{subsection.2.1}% 9
\BOOKMARK [1][-]{section.3}{\376\377\000D\000i\000a\000g\000r\000a\000m}{}% 10
\BOOKMARK [1][-]{section.4}{\376\377\000T\000a\000b\000e\000l\000e}{}% 11
\BOOKMARK [2][-]{subsection.4.1}{\376\377\000T\000a\000b\000e\000l\000a\000\040\000e\000m\000p\000l\000o\000y\000e\000e\000s}{section.4}% 12
\BOOKMARK [2][-]{subsection.4.2}{\376\377\000T\000a\000b\000e\000l\000a\000\040\000a\000t\000t\000e\000n\000d\000a\000n\000c\000e}{section.4}% 13
\BOOKMARK [2][-]{subsection.4.3}{\376\377\000T\000a\000b\000e\000l\000a\000\040\000e\000v\000e\000n\000t\000\137\000l\000e\000c\000t\000u\000r\000e\000r\000s}{section.4}% 14
\BOOKMARK [2][-]{subsection.4.4}{\376\377\000T\000a\000b\000e\000l\000a\000\040\000e\000v\000e\000n\000t\000\137\000s\000t\000u\000d\000e\000n\000t\000s}{section.4}% 15
\BOOKMARK [2][-]{subsection.4.5}{\376\377\000T\000a\000b\000e\000l\000a\000\040\000e\000v\000e\000n\000t\000s}{section.4}% 16
\BOOKMARK [2][-]{subsection.4.6}{\376\377\000T\000a\000b\000e\000l\000a\000\040\000e\000x\000a\000m\000s}{section.4}% 17
\BOOKMARK [2][-]{subsection.4.7}{\376\377\000T\000a\000b\000e\000l\000a\000\040\000l\000a\000n\000g\000u\000a\000g\000e\000s}{section.4}% 18
\BOOKMARK [2][-]{subsection.4.8}{\376\377\000T\000a\000b\000e\000l\000a\000\040\000l\000e\000c\000t\000u\000r\000e\000r\000s}{section.4}% 19
\BOOKMARK [2][-]{subsection.4.9}{\376\377\000T\000a\000b\000e\000l\000a\000\040\000m\000o\000d\000u\000l\000e\000s}{section.4}% 20
\BOOKMARK [2][-]{subsection.4.10}{\376\377\000T\000a\000b\000e\000l\000a\000\040\000o\000r\000d\000e\000r\000\137\000e\000v\000e\000n\000t\000\137\000d\000e\000t\000a\000i\000l\000s}{section.4}% 21
\BOOKMARK [2][-]{subsection.4.11}{\376\377\000T\000a\000b\000e\000l\000a\000\040\000o\000r\000d\000e\000r\000\137\000m\000o\000d\000u\000l\000e\000\137\000d\000e\000t\000a\000i\000l\000s}{section.4}% 22
\BOOKMARK [2][-]{subsection.4.12}{\376\377\000T\000a\000b\000e\000l\000a\000\040\000o\000r\000d\000e\000r\000s}{section.4}% 23
\BOOKMARK [2][-]{subsection.4.13}{\376\377\000T\000a\000b\000e\000l\000a\000\040\000p\000a\000s\000s\000i\000n\000g\000\137\000e\000x\000a\000m\000s}{section.4}% 24
\BOOKMARK [2][-]{subsection.4.14}{\376\377\000T\000a\000b\000e\000l\000a\000\040\000p\000a\000s\000s\000i\000n\000g\000\137\000p\000r\000a\000c\000t\000i\000c\000e\000s}{section.4}% 25
\BOOKMARK [2][-]{subsection.4.15}{\376\377\000T\000a\000b\000e\000l\000a\000\040\000p\000a\000y\000m\000e\000n\000t\000\137\000s\000t\000a\000t\000u\000s\000e\000s}{section.4}% 26
\BOOKMARK [2][-]{subsection.4.16}{\376\377\000T\000a\000b\000e\000l\000a\000\040\000p\000r\000a\000c\000t\000i\000c\000e\000s}{section.4}% 27
\BOOKMARK [2][-]{subsection.4.17}{\376\377\000T\000a\000b\000e\000l\000a\000\040\000r\000o\000o\000m\000s}{section.4}% 28
\BOOKMARK [2][-]{subsection.4.18}{\376\377\000T\000a\000b\000e\000l\000a\000\040\000s\000i\000n\000g\000l\000e\000\137\000m\000o\000d\000u\000l\000e\000\137\000s\000t\000u\000d\000e\000n\000t\000s}{section.4}% 29
\BOOKMARK [2][-]{subsection.4.19}{\376\377\000T\000a\000b\000e\000l\000a\000\040\000s\000t\000u\000d\000e\000n\000t\000s}{section.4}% 30
\BOOKMARK [2][-]{subsection.4.20}{\376\377\000T\000a\000b\000e\000l\000a\000\040\000t\000r\000a\000n\000s\000l\000a\000t\000o\000r\000\137\000l\000a\000n\000g\000u\000a\000g\000e\000s}{section.4}% 31
\BOOKMARK [2][-]{subsection.4.21}{\376\377\000T\000a\000b\000e\000l\000a\000\040\000t\000r\000a\000n\000s\000l\000a\000t\000o\000r\000s}{section.4}% 32
\BOOKMARK [2][-]{subsection.4.22}{\376\377\000T\000a\000b\000e\000l\000a\000\040\000t\000y\000p\000e\000s}{section.4}% 33
\BOOKMARK [2][-]{subsection.4.23}{\376\377\000T\000a\000b\000e\000l\000a\000\040\000c\000o\000u\000n\000t\000r\000i\000e\000s}{section.4}% 34
\BOOKMARK [1][-]{section.5}{\376\377\000W\000i\000d\000o\000k\000i}{}% 35
\BOOKMARK [2][-]{subsection.5.1}{\376\377\000U\000p\000c\000o\000m\000i\000n\000g\000E\000v\000e\000n\000t\000s}{section.5}% 36
\BOOKMARK [2][-]{subsection.5.2}{\376\377\000S\000h\000o\000w\000B\000i\000l\000o\000c\000a\000t\000i\000o\000n\000s}{section.5}% 37
\BOOKMARK [2][-]{subsection.5.3}{\376\377\000S\000h\000o\000w\000D\000e\000b\000t\000o\000r\000s}{section.5}% 38
\BOOKMARK [1][-]{section.6}{\376\377\000P\000r\000o\000c\000e\000d\000u\000r\000y}{}% 39
\BOOKMARK [2][-]{subsection.6.1}{\376\377\000R\000e\000g\000i\000s\000t\000e\000r\000S\000t\000u\000d\000e\000n\000t}{section.6}% 40
\BOOKMARK [2][-]{subsection.6.2}{\376\377\000R\000e\000g\000i\000s\000t\000e\000r\000L\000e\000c\000t\000u\000r\000e\000r}{section.6}% 41
\BOOKMARK [2][-]{subsection.6.3}{\376\377\000A\000d\000d\000E\000v\000e\000n\000t}{section.6}% 42
\BOOKMARK [2][-]{subsection.6.4}{\376\377\000A\000d\000d\000M\000o\000d\000u\000l\000e}{section.6}% 43
\BOOKMARK [2][-]{subsection.6.5}{\376\377\000A\000d\000d\000W\000e\000b\000i\000n\000a\000r}{section.6}% 44
\BOOKMARK [2][-]{subsection.6.6}{\376\377\000E\000n\000r\000o\000l\000l\000S\000t\000u\000d\000e\000n\000t\0002\000E\000v\000e\000n\000t}{section.6}% 45
\BOOKMARK [1][-]{section.7}{\376\377\000F\000u\000n\000k\000c\000j\000e}{}% 46
\BOOKMARK [2][-]{subsection.7.1}{\376\377\000R\000o\000o\000m\000s\000T\000a\000k\000e\000n}{section.7}% 47
\BOOKMARK [2][-]{subsection.7.2}{\376\377\000B\000i\000l\000o\000c\000a\000t\000i\000o\000n}{section.7}% 48
\BOOKMARK [2][-]{subsection.7.3}{\376\377\000S\000h\000o\000w\000M\000o\000d\000u\000l\000e\000P\000a\000r\000t\000i\000c\000i\000p\000a\000n\000t\000s}{section.7}% 49
\BOOKMARK [2][-]{subsection.7.4}{\376\377\000S\000h\000o\000w\000E\000v\000e\000n\000t\000P\000a\000r\000t\000i\000c\000i\000p\000a\000n\000t\000s}{section.7}% 50
\BOOKMARK [2][-]{subsection.7.5}{\376\377\000S\000h\000o\000w\000M\000o\000s\000t\000P\000o\000p\000u\000l\000a\000r\000E\000v\000e\000n\000t\000s}{section.7}% 51
\BOOKMARK [2][-]{subsection.7.6}{\376\377\000S\000h\000o\000w\000M\000o\000s\000t\000P\000o\000p\000u\000l\000a\000r\000S\000i\000n\000g\000l\000e\000M\000o\000d\000u\000l\000e\000s}{section.7}% 52
\BOOKMARK [2][-]{subsection.7.7}{\376\377\000S\000t\000u\000d\000e\000n\000t\000s\000C\000o\000u\000n\000t\000I\000n\000E\000v\000e\000n\000t}{section.7}% 53
\BOOKMARK [2][-]{subsection.7.8}{\376\377\000S\000h\000o\000w\000A\000t\000t\000e\000n\000d\000a\000n\000c\000e}{section.7}% 54
\BOOKMARK [2][-]{subsection.7.9}{\376\377\000S\000h\000o\000w\000I\000n\000c\000o\000m\000e\000R\000e\000p\000o\000r\000t}{section.7}% 55
\BOOKMARK [2][-]{subsection.7.10}{\376\377\000S\000h\000o\000w\000M\000o\000s\000t\000A\000c\000t\000i\000v\000e\000S\000t\000u\000d\000e\000n\000t\000s}{section.7}% 56
\BOOKMARK [2][-]{subsection.7.11}{\376\377\000G\000e\000t\000P\000a\000s\000s\000e\000d\000E\000x\000a\000m\000s\000S\000t\000u\000d\000e\000n\000t\000s}{section.7}% 57
\BOOKMARK [2][-]{subsection.7.12}{\376\377\000G\000e\000t\000P\000a\000s\000s\000e\000d\000P\000r\000a\000c\000t\000i\000c\000e\000s\000S\000t\000u\000d\000e\000n\000t\000s}{section.7}% 58
\BOOKMARK [2][-]{subsection.7.13}{\376\377\000G\000e\000t\000G\000r\000a\000d\000u\000a\000t\000e\000d\000S\000t\000u\000d\000e\000n\000t\000s\000A\000d\000d\000r\000e\000s\000s\000e\000s}{section.7}% 59
\BOOKMARK [1][-]{section.8}{\376\377\000T\000r\000i\000g\000g\000e\000r\000y}{}% 60
\BOOKMARK [2][-]{subsection.8.1}{\376\377\000I\000n\000s\000e\000r\000t\000T\000o\000M\000o\000d\000u\000l\000e\000s}{section.8}% 61
\BOOKMARK [2][-]{subsection.8.2}{\376\377\000T\000r\000i\000g\000g\000e\000r\000A\000d\000d\000S\000t\000u\000d\000e\000n\000t\000A\000f\000t\000e\000r\000C\000o\000m\000p\000l\000e\000t\000e\000d\000P\000a\000y\000m\000e\000n\000t}{section.8}% 62
\BOOKMARK [1][-]{section.9}{\376\377\000I\000n\000d\000e\000k\000s\000y}{}% 63
\BOOKMARK [2][-]{subsection.9.1}{\376\377\000T\000a\000b\000e\000l\000a\000\040\000e\000m\000p\000l\000o\000y\000e\000e\000s}{section.9}% 64
\BOOKMARK [2][-]{subsection.9.2}{\376\377\000T\000a\000b\000e\000l\000a\000\040\000a\000t\000t\000e\000n\000d\000a\000n\000c\000e}{section.9}% 65
\BOOKMARK [2][-]{subsection.9.3}{\376\377\000T\000a\000b\000e\000l\000a\000\040\000e\000v\000e\000n\000t\000\137\000l\000e\000c\000t\000u\000r\000e\000r\000s}{section.9}% 66
\BOOKMARK [2][-]{subsection.9.4}{\376\377\000T\000a\000b\000e\000l\000a\000\040\000e\000v\000e\000n\000t\000\137\000s\000t\000u\000d\000e\000n\000t\000s}{section.9}% 67
\BOOKMARK [2][-]{subsection.9.5}{\376\377\000T\000a\000b\000e\000l\000a\000\040\000e\000v\000e\000n\000t\000s}{section.9}% 68
\BOOKMARK [2][-]{subsection.9.6}{\376\377\000T\000a\000b\000e\000l\000a\000\040\000e\000x\000a\000m\000s}{section.9}% 69
\BOOKMARK [2][-]{subsection.9.7}{\376\377\000T\000a\000b\000e\000l\000a\000\040\000l\000a\000n\000g\000u\000a\000g\000e\000s}{section.9}% 70
\BOOKMARK [2][-]{subsection.9.8}{\376\377\000T\000a\000b\000e\000l\000a\000\040\000l\000e\000c\000t\000u\000r\000e\000r\000s}{section.9}% 71
\BOOKMARK [2][-]{subsection.9.9}{\376\377\000T\000a\000b\000e\000l\000a\000\040\000m\000o\000d\000u\000l\000e\000s}{section.9}% 72
\BOOKMARK [2][-]{subsection.9.10}{\376\377\000T\000a\000b\000e\000l\000a\000\040\000o\000r\000d\000e\000r\000\137\000e\000v\000e\000n\000t\000\137\000d\000e\000t\000a\000i\000l\000s}{section.9}% 73
\BOOKMARK [2][-]{subsection.9.11}{\376\377\000T\000a\000b\000e\000l\000a\000\040\000o\000r\000d\000e\000r\000\137\000m\000o\000d\000u\000l\000e\000\137\000d\000e\000t\000a\000i\000l\000s}{section.9}% 74
\BOOKMARK [2][-]{subsection.9.12}{\376\377\000T\000a\000b\000e\000l\000a\000\040\000o\000r\000d\000e\000r\000s}{section.9}% 75
\BOOKMARK [2][-]{subsection.9.13}{\376\377\000T\000a\000b\000e\000l\000a\000\040\000p\000a\000s\000s\000i\000n\000g\000\137\000e\000x\000a\000m\000s}{section.9}% 76
\BOOKMARK [2][-]{subsection.9.14}{\376\377\000T\000a\000b\000e\000l\000a\000\040\000p\000a\000s\000s\000i\000n\000g\000\137\000p\000r\000a\000c\000t\000i\000c\000e\000s}{section.9}% 77
\BOOKMARK [2][-]{subsection.9.15}{\376\377\000T\000a\000b\000e\000l\000a\000\040\000p\000a\000y\000m\000e\000n\000t\000\137\000s\000t\000a\000t\000u\000s\000e\000s}{section.9}% 78
\BOOKMARK [2][-]{subsection.9.16}{\376\377\000T\000a\000b\000e\000l\000a\000\040\000p\000r\000a\000c\000t\000i\000c\000e\000s}{section.9}% 79
\BOOKMARK [2][-]{subsection.9.17}{\376\377\000T\000a\000b\000e\000l\000a\000\040\000r\000o\000o\000m\000s}{section.9}% 80
\BOOKMARK [2][-]{subsection.9.18}{\376\377\000T\000a\000b\000e\000l\000a\000\040\000s\000i\000n\000g\000l\000e\000\137\000m\000o\000d\000u\000l\000e\000\137\000s\000t\000u\000d\000e\000n\000t\000s}{section.9}% 81
\BOOKMARK [2][-]{subsection.9.19}{\376\377\000T\000a\000b\000e\000l\000a\000\040\000s\000t\000u\000d\000e\000n\000t\000s}{section.9}% 82
\BOOKMARK [2][-]{subsection.9.20}{\376\377\000T\000a\000b\000e\000l\000a\000\040\000t\000r\000a\000n\000s\000l\000a\000t\000o\000r\000\137\000l\000a\000n\000g\000u\000a\000g\000e\000s}{section.9}% 83
\BOOKMARK [2][-]{subsection.9.21}{\376\377\000T\000a\000b\000e\000l\000a\000\040\000t\000r\000a\000n\000s\000l\000a\000t\000o\000r\000s}{section.9}% 84
\BOOKMARK [2][-]{subsection.9.22}{\376\377\000T\000a\000b\000e\000l\000a\000\040\000t\000y\000p\000e\000s}{section.9}% 85
\BOOKMARK [2][-]{subsection.9.23}{\376\377\000T\000a\000b\000e\000l\000a\000\040\000c\000o\000u\000n\000t\000r\000i\000e\000s}{section.9}% 86
\BOOKMARK [1][-]{section.10}{\376\377\000U\000p\000r\000a\000w\000n\000i\000e\000n\000i\000a}{}% 87
\BOOKMARK [2][-]{subsection.10.1}{\376\377\000A\000d\000m\000i\000n\000i\000s\000t\000r\000a\000t\000o\000r}{section.10}% 88
\BOOKMARK [2][-]{subsection.10.2}{\376\377\000D\000y\000r\000e\000k\000t\000o\000r}{section.10}% 89
\BOOKMARK [2][-]{subsection.10.3}{\376\377\000M\000e\000n\000a\000d\001\174\000e\000r}{section.10}% 90
\BOOKMARK [2][-]{subsection.10.4}{\376\377\000N\000a\000u\000c\000z\000y\000c\000i\000e\000l}{section.10}% 91
\BOOKMARK [2][-]{subsection.10.5}{\376\377\000K\000l\000i\000e\000n\000t}{section.10}% 92
\BOOKMARK [2][-]{subsection.10.6}{\376\377\000N\000i\000e\000z\000a\000r\000e\000j\000e\000s\000t\000r\000o\000w\000a\000n\000y\000\040\000u\001\174\000y\000t\000k\000o\000w\000n\000i\000k}{section.10}% 93
